Arguments: 
  /home/azrael_work/.nvm/versions/node/v18.17.0/bin/node /mnt/c/Program Files (x86)/Yarn/bin/yarn.js install

PATH: 
  /home/azrael_work/.local/share/solana/install/active_release/bin:/home/azrael_work/.nvm/versions/node/v18.17.0/bin:/home/azrael_work/.cargo/bin:/usr/local/sbin:/usr/local/bin:/usr/sbin:/usr/bin:/sbin:/bin:/usr/games:/usr/local/games:/usr/lib/wsl/lib:/mnt/c/Users/gadre/AppData/Local/cloud-code/installer/google-cloud-sdk/bin:/mnt/c/Program Files (x86)/Common Files/Oracle/Java/javapath:/mnt/c/Program Files/Microsoft/jdk-11.0.16.101-hotspot/bin:/mnt/c/Windows/system32:/mnt/c/Windows:/mnt/c/Windows/System32/Wbem:/mnt/c/Windows/System32/WindowsPowerShell/v1.0/:/mnt/c/Windows/System32/OpenSSH/:/mnt/c/Program Files/GitHub CLI/:/mnt/c/Program Files/Microsoft SQL Server/Client SDK/ODBC/170/Tools/Binn/:/mnt/c/Program Files/Microsoft SQL Server/150/Tools/Binn/:/mnt/c/Program Files/nodejs/:/mnt/c/Program Files (x86)/Yarn/bin/:/mnt/c/Program Files/Go/bin:/mnt/c/Program Files/dotnet/:/mnt/c/Program Files/Git/cmd:/mnt/c/Users/gadre/.avm/bin:/mnt/c/Users/gadre/.local/share/solana/install/active_release/bin:/mnt/c/Users/gadre/.cargo/bin:/mnt/c/Users/gadre/.foundry/bin:/mnt/c/Users/gadre/AppData/Roaming/npm:/mnt/c/Users/gadre/.avm/bin:/snap/bin

Yarn version: 
  1.22.4

Node version: 
  18.17.0

Platform: 
  linux x64

Trace: 
  Error: getaddrinfo EAI_AGAIN registry.yarnpkg.com
      at GetAddrInfoReqWrap.onlookup [as oncomplete] (node:dns:108:26)

npm manifest: 
  {
      "scripts": {
          "lint:fix": "prettier */*.js \"*/**/*{.js,.ts}\" -w",
          "lint": "prettier */*.js \"*/**/*{.js,.ts}\" --check"
      },
      "dependencies": {        
          "@coral-xyz/anchor": "^0.28.0",
          "@project-serum/anchor": "^0.26.0",
          "@solana/spl-token": "^0.2.0",
          "@solana/web3.js": "^1.47.3"
      },
      "devDependencies": {
          "chai": "^4.3.4",
          "mocha": "^9.0.3",
          "ts-mocha": "^10.0.0",
          "@types/bn.js": "^5.1.0",
          "@types/chai": "^4.3.0",
          "@types/mocha": "^9.0.0",
          "@types/node": "^20.4.2",
          "typescript": "^4.3.5",
          "prettier": "^2.6.2"
      }
  }

yarn manifest: 
  No manifest

Lockfile: 
  No lockfile
